[2025-03-28 14:03:53] [INFO]    [OmnipathR] Welcome to OmnipathR!
[2025-03-28 14:03:53] [TRACE]   [OmnipathR] Reading JSON from `/Users/hungm/Library/Caches/OmnipathR/cache.json` (encoding: UTF-8).
[2025-03-28 14:03:53] [TRACE]   [OmnipathR] JSON validation successful: TRUE
[2025-03-28 14:03:53] [INFO]    [OmnipathR] Initialized cache: `/Users/hungm/Library/Caches/OmnipathR`.
[2025-03-28 14:03:53] [TRACE]   [OmnipathR] Reading JSON from `/Library/Frameworks/R.framework/Versions/4.4-arm64/Resources/library/OmnipathR/db/db_def.json` (encoding: UTF-8).
[2025-03-28 14:03:53] [TRACE]   [OmnipathR] JSON validation successful: TRUE
[2025-03-28 14:03:53] [TRACE]   [OmnipathR] Reading JSON from `/Library/Frameworks/R.framework/Versions/4.4-arm64/Resources/library/OmnipathR/internal/magic_bytes.json` (encoding: UTF-8).
[2025-03-28 14:03:53] [TRACE]   [OmnipathR] JSON validation successful: TRUE
[2025-03-28 14:03:53] [TRACE]   [OmnipathR] Reading JSON from `/Library/Frameworks/R.framework/Versions/4.4-arm64/Resources/library/OmnipathR/internal/urls.json` (encoding: UTF-8).
[2025-03-28 14:03:53] [TRACE]   [OmnipathR] JSON validation successful: TRUE
[2025-03-28 14:03:53] [TRACE]   [OmnipathR] Reading JSON from `/Library/Frameworks/R.framework/Versions/4.4-arm64/Resources/library/OmnipathR/internal/id_types.json` (encoding: UTF-8).
[2025-03-28 14:03:53] [TRACE]   [OmnipathR] JSON validation successful: TRUE
[2025-03-28 14:05:12] [INFO]    [OmnipathR] Loading database `Ensembl and OMA organism names`.
[2025-03-28 14:05:12] [INFO]    [OmnipathR] Looking up in cache `https://www.ensembl.org/info/about/species.html`: key=7332486db7400730697234bad76ca0c8e4d00799, latest version=1.
[2025-03-28 14:05:12] [TRACE]   [OmnipathR] Cache file path: /Users/hungm/Library/Caches/OmnipathR/7332486db7400730697234bad76ca0c8e4d00799-1.html
[2025-03-28 14:05:12] [TRACE]   [OmnipathR] Looking up in cache: `https://omabrowser.org/All/oma-species.txt`.
[2025-03-28 14:05:12] [TRACE]   [OmnipathR] Loaded data from RDS `/Users/hungm/Library/Caches/OmnipathR/30e690cbb55dfc63b5903ab337f34ffc2f4be397-1.rds`.
[2025-03-28 14:05:12] [INFO]    [OmnipathR] Loaded database `Ensembl and OMA organism names`.
[2025-03-28 14:05:12] [TRACE]   [OmnipathR] Looking up in cache: `https://omnipathdb.org/intercell?license=academic`
[2025-03-28 14:05:13] [TRACE]   [OmnipathR] Loaded data from RDS `/Users/hungm/Library/Caches/OmnipathR/88868f24833199a6a4a8e27980fa32cd50c1c600-1.rds`.
[2025-03-28 14:05:13] [INFO]    [OmnipathR] Loaded from cache: `https://omnipathdb.org/intercell?license=academic`
[2025-03-28 14:05:13] [SUCCESS] [OmnipathR] Loaded 332447 intercellular communication role records from cache.
[2025-03-28 14:05:53] [TRACE]   [OmnipathR] Looking up in cache: `https://omnipathdb.org/intercell?license=academic`
[2025-03-28 14:05:54] [TRACE]   [OmnipathR] Loaded data from RDS `/Users/hungm/Library/Caches/OmnipathR/88868f24833199a6a4a8e27980fa32cd50c1c600-1.rds`.
[2025-03-28 14:05:54] [INFO]    [OmnipathR] Loaded from cache: `https://omnipathdb.org/intercell?license=academic`
[2025-03-28 14:05:54] [SUCCESS] [OmnipathR] Loaded 332447 intercellular communication role records from cache.
[2025-03-28 14:06:20] [TRACE]   [OmnipathR] Looking up in cache: `https://omnipathdb.org/interactions?genesymbols=yes&datasets=dorothea,tf_target,collectri&organisms=9606&dorothea_levels=A,B&fields=sources,references,curation_effort,dorothea_level&license=academic`
[2025-03-28 14:06:20] [TRACE]   [OmnipathR] Loaded data from RDS `/Users/hungm/Library/Caches/OmnipathR/8e1fed15bbe7704374f40d278e719e18b4a9d60f-1.rds`.
[2025-03-28 14:06:20] [INFO]    [OmnipathR] Loaded from cache: `https://omnipathdb.org/interactions?genesymbols=yes&datasets=dorothea,tf_target,collectri&organisms=9606&dorothea_levels=A,B&fields=sources,references,curation_effort,dorothea_level&license=academic`
[2025-03-28 14:06:21] [SUCCESS] [OmnipathR] Loaded 128218 interactions from cache.
[2025-03-28 14:14:09] [TRACE]   [OmnipathR] Looking up in cache: `https://omnipathdb.org/interactions?genesymbols=yes&datasets=dorothea,tf_target,collectri&organisms=9606&dorothea_levels=A,B&fields=sources,references,curation_effort,dorothea_level&license=academic`
[2025-03-28 14:14:09] [TRACE]   [OmnipathR] Loaded data from RDS `/Users/hungm/Library/Caches/OmnipathR/8e1fed15bbe7704374f40d278e719e18b4a9d60f-1.rds`.
[2025-03-28 14:14:09] [INFO]    [OmnipathR] Loaded from cache: `https://omnipathdb.org/interactions?genesymbols=yes&datasets=dorothea,tf_target,collectri&organisms=9606&dorothea_levels=A,B&fields=sources,references,curation_effort,dorothea_level&license=academic`
[2025-03-28 14:14:11] [SUCCESS] [OmnipathR] Loaded 128218 interactions from cache.
[2025-03-28 14:14:44] [TRACE]   [OmnipathR] Looking up in cache: `https://omnipathdb.org/intercell?license=academic`
[2025-03-28 14:14:44] [TRACE]   [OmnipathR] Loaded data from RDS `/Users/hungm/Library/Caches/OmnipathR/88868f24833199a6a4a8e27980fa32cd50c1c600-1.rds`.
[2025-03-28 14:14:44] [INFO]    [OmnipathR] Loaded from cache: `https://omnipathdb.org/intercell?license=academic`
[2025-03-28 14:14:44] [SUCCESS] [OmnipathR] Loaded 332447 intercellular communication role records from cache.
[2025-03-28 14:15:09] [TRACE]   [OmnipathR] Looking up in cache: `https://omnipathdb.org/interactions?genesymbols=yes&datasets=dorothea,tf_target,collectri&organisms=9606&dorothea_levels=A,B&fields=sources,references,curation_effort,dorothea_level&license=academic`
[2025-03-28 14:15:09] [TRACE]   [OmnipathR] Loaded data from RDS `/Users/hungm/Library/Caches/OmnipathR/8e1fed15bbe7704374f40d278e719e18b4a9d60f-1.rds`.
[2025-03-28 14:15:09] [INFO]    [OmnipathR] Loaded from cache: `https://omnipathdb.org/interactions?genesymbols=yes&datasets=dorothea,tf_target,collectri&organisms=9606&dorothea_levels=A,B&fields=sources,references,curation_effort,dorothea_level&license=academic`
[2025-03-28 14:15:10] [SUCCESS] [OmnipathR] Loaded 128218 interactions from cache.
[2025-03-28 14:15:42] [TRACE]   [OmnipathR] Looking up in cache: `https://omnipathdb.org/intercell?license=academic`
[2025-03-28 14:15:43] [TRACE]   [OmnipathR] Loaded data from RDS `/Users/hungm/Library/Caches/OmnipathR/88868f24833199a6a4a8e27980fa32cd50c1c600-1.rds`.
[2025-03-28 14:15:43] [INFO]    [OmnipathR] Loaded from cache: `https://omnipathdb.org/intercell?license=academic`
[2025-03-28 14:15:43] [SUCCESS] [OmnipathR] Loaded 332447 intercellular communication role records from cache.
[2025-03-28 14:15:47] [TRACE]   [OmnipathR] Looking up in cache: `https://omnipathdb.org/interactions?genesymbols=yes&datasets=dorothea,tf_target,collectri&organisms=9606&dorothea_levels=A,B&fields=sources,references,curation_effort,dorothea_level&license=academic`
[2025-03-28 14:15:47] [TRACE]   [OmnipathR] Loaded data from RDS `/Users/hungm/Library/Caches/OmnipathR/8e1fed15bbe7704374f40d278e719e18b4a9d60f-1.rds`.
[2025-03-28 14:15:47] [INFO]    [OmnipathR] Loaded from cache: `https://omnipathdb.org/interactions?genesymbols=yes&datasets=dorothea,tf_target,collectri&organisms=9606&dorothea_levels=A,B&fields=sources,references,curation_effort,dorothea_level&license=academic`
[2025-03-28 14:15:48] [SUCCESS] [OmnipathR] Loaded 128218 interactions from cache.
[2025-03-28 14:19:37] [TRACE]   [OmnipathR] Looking up in cache: `https://omnipathdb.org/intercell?license=academic`
[2025-03-28 14:19:38] [TRACE]   [OmnipathR] Loaded data from RDS `/Users/hungm/Library/Caches/OmnipathR/88868f24833199a6a4a8e27980fa32cd50c1c600-1.rds`.
[2025-03-28 14:19:38] [INFO]    [OmnipathR] Loaded from cache: `https://omnipathdb.org/intercell?license=academic`
[2025-03-28 14:19:38] [SUCCESS] [OmnipathR] Loaded 332447 intercellular communication role records from cache.
[2025-03-28 14:20:24] [TRACE]   [OmnipathR] Looking up in cache: `https://omnipathdb.org/intercell?license=academic`
[2025-03-28 14:20:25] [TRACE]   [OmnipathR] Loaded data from RDS `/Users/hungm/Library/Caches/OmnipathR/88868f24833199a6a4a8e27980fa32cd50c1c600-1.rds`.
[2025-03-28 14:20:25] [INFO]    [OmnipathR] Loaded from cache: `https://omnipathdb.org/intercell?license=academic`
[2025-03-28 14:20:25] [SUCCESS] [OmnipathR] Loaded 332447 intercellular communication role records from cache.
[2025-03-28 14:20:32] [TRACE]   [OmnipathR] Looking up in cache: `https://omnipathdb.org/intercell?license=academic`
[2025-03-28 14:20:32] [TRACE]   [OmnipathR] Loaded data from RDS `/Users/hungm/Library/Caches/OmnipathR/88868f24833199a6a4a8e27980fa32cd50c1c600-1.rds`.
[2025-03-28 14:20:32] [INFO]    [OmnipathR] Loaded from cache: `https://omnipathdb.org/intercell?license=academic`
[2025-03-28 14:20:32] [SUCCESS] [OmnipathR] Loaded 332447 intercellular communication role records from cache.
[2025-03-28 14:20:42] [TRACE]   [OmnipathR] Looking up in cache: `https://omnipathdb.org/interactions?genesymbols=yes&datasets=dorothea,tf_target,collectri&organisms=9606&dorothea_levels=A,B&fields=sources,references,curation_effort,dorothea_level&license=academic`
[2025-03-28 14:20:42] [TRACE]   [OmnipathR] Loaded data from RDS `/Users/hungm/Library/Caches/OmnipathR/8e1fed15bbe7704374f40d278e719e18b4a9d60f-1.rds`.
[2025-03-28 14:20:42] [INFO]    [OmnipathR] Loaded from cache: `https://omnipathdb.org/interactions?genesymbols=yes&datasets=dorothea,tf_target,collectri&organisms=9606&dorothea_levels=A,B&fields=sources,references,curation_effort,dorothea_level&license=academic`
[2025-03-28 14:20:44] [SUCCESS] [OmnipathR] Loaded 128218 interactions from cache.
[2025-03-28 14:20:50] [TRACE]   [OmnipathR] Looking up in cache: `https://omnipathdb.org/intercell?license=academic`
[2025-03-28 14:20:50] [TRACE]   [OmnipathR] Loaded data from RDS `/Users/hungm/Library/Caches/OmnipathR/88868f24833199a6a4a8e27980fa32cd50c1c600-1.rds`.
[2025-03-28 14:20:50] [INFO]    [OmnipathR] Loaded from cache: `https://omnipathdb.org/intercell?license=academic`
[2025-03-28 14:20:51] [SUCCESS] [OmnipathR] Loaded 332447 intercellular communication role records from cache.
[2025-03-28 14:21:17] [TRACE]   [OmnipathR] Looking up in cache: `https://omnipathdb.org/interactions?genesymbols=yes&datasets=dorothea,tf_target,collectri&organisms=9606&dorothea_levels=A,B&fields=sources,references,curation_effort,dorothea_level&license=academic`
[2025-03-28 14:21:17] [TRACE]   [OmnipathR] Loaded data from RDS `/Users/hungm/Library/Caches/OmnipathR/8e1fed15bbe7704374f40d278e719e18b4a9d60f-1.rds`.
[2025-03-28 14:21:17] [INFO]    [OmnipathR] Loaded from cache: `https://omnipathdb.org/interactions?genesymbols=yes&datasets=dorothea,tf_target,collectri&organisms=9606&dorothea_levels=A,B&fields=sources,references,curation_effort,dorothea_level&license=academic`
[2025-03-28 14:21:19] [SUCCESS] [OmnipathR] Loaded 128218 interactions from cache.
[2025-03-28 14:21:45] [TRACE]   [OmnipathR] Looking up in cache: `https://omnipathdb.org/intercell?license=academic`
[2025-03-28 14:21:45] [TRACE]   [OmnipathR] Loaded data from RDS `/Users/hungm/Library/Caches/OmnipathR/88868f24833199a6a4a8e27980fa32cd50c1c600-1.rds`.
[2025-03-28 14:21:45] [INFO]    [OmnipathR] Loaded from cache: `https://omnipathdb.org/intercell?license=academic`
[2025-03-28 14:21:46] [SUCCESS] [OmnipathR] Loaded 332447 intercellular communication role records from cache.
[2025-03-28 14:21:55] [TRACE]   [OmnipathR] Looking up in cache: `https://omnipathdb.org/intercell?license=academic`
[2025-03-28 14:21:55] [TRACE]   [OmnipathR] Loaded data from RDS `/Users/hungm/Library/Caches/OmnipathR/88868f24833199a6a4a8e27980fa32cd50c1c600-1.rds`.
[2025-03-28 14:21:55] [INFO]    [OmnipathR] Loaded from cache: `https://omnipathdb.org/intercell?license=academic`
[2025-03-28 14:21:56] [SUCCESS] [OmnipathR] Loaded 332447 intercellular communication role records from cache.
[2025-03-28 14:22:09] [TRACE]   [OmnipathR] Looking up in cache: `https://omnipathdb.org/intercell?license=academic`
[2025-03-28 14:22:09] [TRACE]   [OmnipathR] Loaded data from RDS `/Users/hungm/Library/Caches/OmnipathR/88868f24833199a6a4a8e27980fa32cd50c1c600-1.rds`.
[2025-03-28 14:22:09] [INFO]    [OmnipathR] Loaded from cache: `https://omnipathdb.org/intercell?license=academic`
[2025-03-28 14:22:09] [SUCCESS] [OmnipathR] Loaded 332447 intercellular communication role records from cache.
[2025-03-28 14:22:20] [TRACE]   [OmnipathR] Looking up in cache: `https://omnipathdb.org/intercell?license=academic`
[2025-03-28 14:22:21] [TRACE]   [OmnipathR] Loaded data from RDS `/Users/hungm/Library/Caches/OmnipathR/88868f24833199a6a4a8e27980fa32cd50c1c600-1.rds`.
[2025-03-28 14:22:21] [INFO]    [OmnipathR] Loaded from cache: `https://omnipathdb.org/intercell?license=academic`
[2025-03-28 14:22:21] [SUCCESS] [OmnipathR] Loaded 332447 intercellular communication role records from cache.
[2025-03-28 14:23:22] [TRACE]   [OmnipathR] Looking up in cache: `https://omnipathdb.org/intercell?license=academic`
[2025-03-28 14:23:23] [TRACE]   [OmnipathR] Loaded data from RDS `/Users/hungm/Library/Caches/OmnipathR/88868f24833199a6a4a8e27980fa32cd50c1c600-1.rds`.
[2025-03-28 14:23:23] [INFO]    [OmnipathR] Loaded from cache: `https://omnipathdb.org/intercell?license=academic`
[2025-03-28 14:23:23] [SUCCESS] [OmnipathR] Loaded 332447 intercellular communication role records from cache.
[2025-03-28 14:23:32] [TRACE]   [OmnipathR] Looking up in cache: `https://omnipathdb.org/intercell?license=academic`
[2025-03-28 14:23:32] [TRACE]   [OmnipathR] Loaded data from RDS `/Users/hungm/Library/Caches/OmnipathR/88868f24833199a6a4a8e27980fa32cd50c1c600-1.rds`.
[2025-03-28 14:23:32] [INFO]    [OmnipathR] Loaded from cache: `https://omnipathdb.org/intercell?license=academic`
[2025-03-28 14:23:33] [SUCCESS] [OmnipathR] Loaded 332447 intercellular communication role records from cache.
[2025-03-28 14:23:36] [TRACE]   [OmnipathR] Looking up in cache: `https://omnipathdb.org/intercell?license=academic`
[2025-03-28 14:23:37] [TRACE]   [OmnipathR] Loaded data from RDS `/Users/hungm/Library/Caches/OmnipathR/88868f24833199a6a4a8e27980fa32cd50c1c600-1.rds`.
[2025-03-28 14:23:37] [INFO]    [OmnipathR] Loaded from cache: `https://omnipathdb.org/intercell?license=academic`
[2025-03-28 14:23:37] [SUCCESS] [OmnipathR] Loaded 332447 intercellular communication role records from cache.
[2025-03-28 14:23:44] [TRACE]   [OmnipathR] Looking up in cache: `https://omnipathdb.org/intercell?license=academic`
[2025-03-28 14:23:44] [TRACE]   [OmnipathR] Loaded data from RDS `/Users/hungm/Library/Caches/OmnipathR/88868f24833199a6a4a8e27980fa32cd50c1c600-1.rds`.
[2025-03-28 14:23:44] [INFO]    [OmnipathR] Loaded from cache: `https://omnipathdb.org/intercell?license=academic`
[2025-03-28 14:23:45] [SUCCESS] [OmnipathR] Loaded 332447 intercellular communication role records from cache.
[2025-03-28 14:23:55] [TRACE]   [OmnipathR] Looking up in cache: `https://omnipathdb.org/interactions?genesymbols=yes&datasets=dorothea,tf_target,collectri&organisms=9606&dorothea_levels=A,B&fields=sources,references,curation_effort,dorothea_level&license=academic`
[2025-03-28 14:23:55] [TRACE]   [OmnipathR] Loaded data from RDS `/Users/hungm/Library/Caches/OmnipathR/8e1fed15bbe7704374f40d278e719e18b4a9d60f-1.rds`.
[2025-03-28 14:23:55] [INFO]    [OmnipathR] Loaded from cache: `https://omnipathdb.org/interactions?genesymbols=yes&datasets=dorothea,tf_target,collectri&organisms=9606&dorothea_levels=A,B&fields=sources,references,curation_effort,dorothea_level&license=academic`
[2025-03-28 14:23:56] [SUCCESS] [OmnipathR] Loaded 128218 interactions from cache.
[2025-03-28 14:24:19] [TRACE]   [OmnipathR] Looking up in cache: `https://omnipathdb.org/intercell?license=academic`
[2025-03-28 14:24:20] [TRACE]   [OmnipathR] Loaded data from RDS `/Users/hungm/Library/Caches/OmnipathR/88868f24833199a6a4a8e27980fa32cd50c1c600-1.rds`.
[2025-03-28 14:24:20] [INFO]    [OmnipathR] Loaded from cache: `https://omnipathdb.org/intercell?license=academic`
[2025-03-28 14:24:20] [SUCCESS] [OmnipathR] Loaded 332447 intercellular communication role records from cache.
[2025-03-28 14:24:22] [TRACE]   [OmnipathR] Looking up in cache: `https://omnipathdb.org/interactions?genesymbols=yes&datasets=dorothea,tf_target,collectri&organisms=9606&dorothea_levels=A,B&fields=sources,references,curation_effort,dorothea_level&license=academic`
[2025-03-28 14:24:22] [TRACE]   [OmnipathR] Loaded data from RDS `/Users/hungm/Library/Caches/OmnipathR/8e1fed15bbe7704374f40d278e719e18b4a9d60f-1.rds`.
[2025-03-28 14:24:22] [INFO]    [OmnipathR] Loaded from cache: `https://omnipathdb.org/interactions?genesymbols=yes&datasets=dorothea,tf_target,collectri&organisms=9606&dorothea_levels=A,B&fields=sources,references,curation_effort,dorothea_level&license=academic`
[2025-03-28 14:24:23] [SUCCESS] [OmnipathR] Loaded 128218 interactions from cache.
[2025-03-28 14:25:22] [TRACE]   [OmnipathR] Looking up in cache: `https://omnipathdb.org/intercell?license=academic`
[2025-03-28 14:25:23] [TRACE]   [OmnipathR] Loaded data from RDS `/Users/hungm/Library/Caches/OmnipathR/88868f24833199a6a4a8e27980fa32cd50c1c600-1.rds`.
[2025-03-28 14:25:23] [INFO]    [OmnipathR] Loaded from cache: `https://omnipathdb.org/intercell?license=academic`
[2025-03-28 14:25:23] [SUCCESS] [OmnipathR] Loaded 332447 intercellular communication role records from cache.
[2025-03-28 14:25:27] [TRACE]   [OmnipathR] Looking up in cache: `https://omnipathdb.org/intercell?license=academic`
[2025-03-28 14:25:28] [TRACE]   [OmnipathR] Loaded data from RDS `/Users/hungm/Library/Caches/OmnipathR/88868f24833199a6a4a8e27980fa32cd50c1c600-1.rds`.
[2025-03-28 14:25:28] [INFO]    [OmnipathR] Loaded from cache: `https://omnipathdb.org/intercell?license=academic`
[2025-03-28 14:25:28] [SUCCESS] [OmnipathR] Loaded 332447 intercellular communication role records from cache.
[2025-03-28 14:25:55] [TRACE]   [OmnipathR] Looking up in cache: `https://omnipathdb.org/intercell?license=academic`
[2025-03-28 14:25:56] [TRACE]   [OmnipathR] Loaded data from RDS `/Users/hungm/Library/Caches/OmnipathR/88868f24833199a6a4a8e27980fa32cd50c1c600-1.rds`.
[2025-03-28 14:25:56] [INFO]    [OmnipathR] Loaded from cache: `https://omnipathdb.org/intercell?license=academic`
[2025-03-28 14:25:56] [SUCCESS] [OmnipathR] Loaded 332447 intercellular communication role records from cache.
[2025-03-28 14:26:36] [TRACE]   [OmnipathR] Looking up in cache: `https://omnipathdb.org/intercell?license=academic`
[2025-03-28 14:26:37] [TRACE]   [OmnipathR] Loaded data from RDS `/Users/hungm/Library/Caches/OmnipathR/88868f24833199a6a4a8e27980fa32cd50c1c600-1.rds`.
[2025-03-28 14:26:37] [INFO]    [OmnipathR] Loaded from cache: `https://omnipathdb.org/intercell?license=academic`
[2025-03-28 14:26:37] [SUCCESS] [OmnipathR] Loaded 332447 intercellular communication role records from cache.
[2025-03-28 14:26:46] [TRACE]   [OmnipathR] Looking up in cache: `https://omnipathdb.org/intercell?license=academic`
[2025-03-28 14:26:46] [TRACE]   [OmnipathR] Loaded data from RDS `/Users/hungm/Library/Caches/OmnipathR/88868f24833199a6a4a8e27980fa32cd50c1c600-1.rds`.
[2025-03-28 14:26:46] [INFO]    [OmnipathR] Loaded from cache: `https://omnipathdb.org/intercell?license=academic`
[2025-03-28 14:26:46] [SUCCESS] [OmnipathR] Loaded 332447 intercellular communication role records from cache.
[2025-03-28 14:27:15] [TRACE]   [OmnipathR] Looking up in cache: `https://omnipathdb.org/intercell?license=academic`
[2025-03-28 14:27:16] [TRACE]   [OmnipathR] Loaded data from RDS `/Users/hungm/Library/Caches/OmnipathR/88868f24833199a6a4a8e27980fa32cd50c1c600-1.rds`.
[2025-03-28 14:27:16] [INFO]    [OmnipathR] Loaded from cache: `https://omnipathdb.org/intercell?license=academic`
[2025-03-28 14:27:16] [SUCCESS] [OmnipathR] Loaded 332447 intercellular communication role records from cache.
[2025-03-28 14:27:45] [TRACE]   [OmnipathR] Looking up in cache: `https://omnipathdb.org/intercell?license=academic`
[2025-03-28 14:27:45] [TRACE]   [OmnipathR] Loaded data from RDS `/Users/hungm/Library/Caches/OmnipathR/88868f24833199a6a4a8e27980fa32cd50c1c600-1.rds`.
[2025-03-28 14:27:45] [INFO]    [OmnipathR] Loaded from cache: `https://omnipathdb.org/intercell?license=academic`
[2025-03-28 14:27:45] [SUCCESS] [OmnipathR] Loaded 332447 intercellular communication role records from cache.
[2025-03-28 14:27:51] [TRACE]   [OmnipathR] Looking up in cache: `https://omnipathdb.org/interactions?genesymbols=yes&datasets=dorothea,tf_target,collectri&organisms=9606&dorothea_levels=A,B&fields=sources,references,curation_effort,dorothea_level&license=academic`
[2025-03-28 14:27:51] [TRACE]   [OmnipathR] Loaded data from RDS `/Users/hungm/Library/Caches/OmnipathR/8e1fed15bbe7704374f40d278e719e18b4a9d60f-1.rds`.
[2025-03-28 14:27:51] [INFO]    [OmnipathR] Loaded from cache: `https://omnipathdb.org/interactions?genesymbols=yes&datasets=dorothea,tf_target,collectri&organisms=9606&dorothea_levels=A,B&fields=sources,references,curation_effort,dorothea_level&license=academic`
[2025-03-28 14:27:53] [SUCCESS] [OmnipathR] Loaded 128218 interactions from cache.
[2025-03-28 14:28:03] [TRACE]   [OmnipathR] Looking up in cache: `https://omnipathdb.org/intercell?license=academic`
[2025-03-28 14:28:03] [TRACE]   [OmnipathR] Loaded data from RDS `/Users/hungm/Library/Caches/OmnipathR/88868f24833199a6a4a8e27980fa32cd50c1c600-1.rds`.
[2025-03-28 14:28:03] [INFO]    [OmnipathR] Loaded from cache: `https://omnipathdb.org/intercell?license=academic`
[2025-03-28 14:28:03] [SUCCESS] [OmnipathR] Loaded 332447 intercellular communication role records from cache.
[2025-03-28 14:28:44] [TRACE]   [OmnipathR] Looking up in cache: `https://omnipathdb.org/intercell?license=academic`
[2025-03-28 14:28:45] [TRACE]   [OmnipathR] Loaded data from RDS `/Users/hungm/Library/Caches/OmnipathR/88868f24833199a6a4a8e27980fa32cd50c1c600-1.rds`.
[2025-03-28 14:28:45] [INFO]    [OmnipathR] Loaded from cache: `https://omnipathdb.org/intercell?license=academic`
[2025-03-28 14:28:45] [SUCCESS] [OmnipathR] Loaded 332447 intercellular communication role records from cache.
[2025-03-28 14:29:46] [TRACE]   [OmnipathR] Looking up in cache: `https://omnipathdb.org/interactions?genesymbols=yes&datasets=dorothea,tf_target,collectri&organisms=10090&dorothea_levels=A,B&fields=sources,references,curation_effort,dorothea_level&license=academic`
[2025-03-28 14:29:46] [INFO]    [OmnipathR] Cache record does not exist: `https://omnipathdb.org/interactions?genesymbols=yes&datasets=dorothea,tf_target,collectri&organisms=10090&dorothea_levels=A,B&fields=sources,references,curation_effort,dorothea_level&license=academic`
[2025-03-28 14:29:46] [TRACE]   [OmnipathR] Looking up in cache: `http://no-tls.omnipathdb.org/interactions?genesymbols=yes&datasets=dorothea,tf_target,collectri&organisms=10090&dorothea_levels=A,B&fields=sources,references,curation_effort,dorothea_level&license=academic`
[2025-03-28 14:29:46] [INFO]    [OmnipathR] Cache record does not exist: `http://no-tls.omnipathdb.org/interactions?genesymbols=yes&datasets=dorothea,tf_target,collectri&organisms=10090&dorothea_levels=A,B&fields=sources,references,curation_effort,dorothea_level&license=academic`
[2025-03-28 14:29:46] [TRACE]   [OmnipathR] Attempting `https://omnipathdb.org/interactions?genesymbols=yes&datasets=dorothea,tf_target,collectri&organisms=10090&dorothea_levels=A,B&fields=sources,references,curation_effort,dorothea_level&license=academic`
[2025-03-28 14:29:46] [INFO]    [OmnipathR] Retrieving URL: `https://omnipathdb.org/interactions?genesymbols=yes&datasets=dorothea,tf_target,collectri&organisms=10090&dorothea_levels=A,B&fields=sources,references,curation_effort,dorothea_level&license=academic`
[2025-03-28 14:29:46] [TRACE]   [OmnipathR] Attempt 1/3: `https://omnipathdb.org/interactions?genesymbols=yes&datasets=dorothea,tf_target,collectri&organisms=10090&dorothea_levels=A,B&fields=sources,references,curation_effort,dorothea_level&license=academic`
[2025-03-28 14:29:49] [INFO]    [OmnipathR] Successfully retrieved: `https://omnipathdb.org/interactions?genesymbols=yes&datasets=dorothea,tf_target,collectri&organisms=10090&dorothea_levels=A,B&fields=sources,references,curation_effort,dorothea_level&license=academic`
[2025-03-28 14:29:49] [TRACE]   [OmnipathR] Reading JSON from `/Users/hungm/Library/Caches/OmnipathR/cache.json` (encoding: UTF-8).
[2025-03-28 14:29:49] [TRACE]   [OmnipathR] JSON validation successful: TRUE
[2025-03-28 14:29:49] [TRACE]   [OmnipathR] Reading JSON from `/Users/hungm/Library/Caches/OmnipathR/cache.json` (encoding: UTF-8).
[2025-03-28 14:29:49] [TRACE]   [OmnipathR] JSON validation successful: TRUE
[2025-03-28 14:29:49] [INFO]    [OmnipathR] Cache item `10f806b43d2463ee980f9c6361bf5d747f560ecb` version 1: status changed from `unknown` to `started`.
[2025-03-28 14:29:49] [TRACE]   [OmnipathR] Exporting object to RDS: `/Users/hungm/Library/Caches/OmnipathR/10f806b43d2463ee980f9c6361bf5d747f560ecb-1.rds`.
[2025-03-28 14:29:49] [TRACE]   [OmnipathR] Exported RDS to `/Users/hungm/Library/Caches/OmnipathR/10f806b43d2463ee980f9c6361bf5d747f560ecb-1.rds`.
[2025-03-28 14:29:49] [INFO]    [OmnipathR] Download ready [key=10f806b43d2463ee980f9c6361bf5d747f560ecb, version=1]
[2025-03-28 14:29:49] [TRACE]   [OmnipathR] Reading JSON from `/Users/hungm/Library/Caches/OmnipathR/cache.json` (encoding: UTF-8).
[2025-03-28 14:29:49] [TRACE]   [OmnipathR] JSON validation successful: TRUE
[2025-03-28 14:29:49] [INFO]    [OmnipathR] Cache item `10f806b43d2463ee980f9c6361bf5d747f560ecb` version 1: status changed from `started` to `ready`.
[2025-03-28 14:29:50] [SUCCESS] [OmnipathR] Downloaded 94914 interactions.
