[2025-03-24 19:03:34] [INFO]    [OmnipathR] Welcome to OmnipathR!
[2025-03-24 19:03:34] [INFO]    [OmnipathR] Setting up new cache directory `/Users/hungm/Library/Caches/OmnipathR`.
[2025-03-24 19:03:34] [TRACE]   [OmnipathR] Reading JSON from `/Users/hungm/Library/Caches/OmnipathR/cache.json` (encoding: UTF-8).
[2025-03-24 19:03:34] [TRACE]   [OmnipathR] JSON validation successful: TRUE
[2025-03-24 19:03:34] [INFO]    [OmnipathR] Initialized cache: `/Users/hungm/Library/Caches/OmnipathR`.
[2025-03-24 19:03:34] [TRACE]   [OmnipathR] Reading JSON from `/Library/Frameworks/R.framework/Versions/4.4-arm64/Resources/library/OmnipathR/db/db_def.json` (encoding: UTF-8).
[2025-03-24 19:03:34] [TRACE]   [OmnipathR] JSON validation successful: TRUE
[2025-03-24 19:03:34] [TRACE]   [OmnipathR] Reading JSON from `/Library/Frameworks/R.framework/Versions/4.4-arm64/Resources/library/OmnipathR/internal/magic_bytes.json` (encoding: UTF-8).
[2025-03-24 19:03:34] [TRACE]   [OmnipathR] JSON validation successful: TRUE
[2025-03-24 19:03:34] [TRACE]   [OmnipathR] Reading JSON from `/Library/Frameworks/R.framework/Versions/4.4-arm64/Resources/library/OmnipathR/internal/urls.json` (encoding: UTF-8).
[2025-03-24 19:03:34] [TRACE]   [OmnipathR] JSON validation successful: TRUE
[2025-03-24 19:03:34] [TRACE]   [OmnipathR] Reading JSON from `/Library/Frameworks/R.framework/Versions/4.4-arm64/Resources/library/OmnipathR/internal/id_types.json` (encoding: UTF-8).
[2025-03-24 19:03:34] [TRACE]   [OmnipathR] JSON validation successful: TRUE
[2025-03-24 19:04:16] [INFO]    [OmnipathR] Loading database `Ensembl and OMA organism names`.
[2025-03-24 19:04:16] [TRACE]   [OmnipathR] Reading JSON from `/Users/hungm/Library/Caches/OmnipathR/cache.json` (encoding: UTF-8).
[2025-03-24 19:04:16] [TRACE]   [OmnipathR] JSON validation successful: TRUE
[2025-03-24 19:04:16] [INFO]    [OmnipathR] Looking up in cache `https://www.ensembl.org/info/about/species.html`: key=7332486db7400730697234bad76ca0c8e4d00799, no version available.
[2025-03-24 19:04:16] [TRACE]   [OmnipathR] Reading JSON from `/Users/hungm/Library/Caches/OmnipathR/cache.json` (encoding: UTF-8).
[2025-03-24 19:04:16] [TRACE]   [OmnipathR] JSON validation successful: TRUE
[2025-03-24 19:04:16] [INFO]    [OmnipathR] Created new version for cache record 7332486db7400730697234bad76ca0c8e4d00799: version 1.
[2025-03-24 19:04:16] [TRACE]   [OmnipathR] Cache file path: /Users/hungm/Library/Caches/OmnipathR/7332486db7400730697234bad76ca0c8e4d00799-1.html
[2025-03-24 19:04:16] [INFO]    [OmnipathR] Retrieving URL: `https://www.ensembl.org/info/about/species.html`
[2025-03-24 19:04:16] [TRACE]   [OmnipathR] Attempt 1/3: `https://www.ensembl.org/info/about/species.html`
[2025-03-24 19:04:17] [TRACE]   [OmnipathR] HTTP 200
[2025-03-24 19:04:17] [INFO]    [OmnipathR] Download ready [key=7332486db7400730697234bad76ca0c8e4d00799, version=1]
[2025-03-24 19:04:17] [TRACE]   [OmnipathR] Reading JSON from `/Users/hungm/Library/Caches/OmnipathR/cache.json` (encoding: UTF-8).
[2025-03-24 19:04:17] [TRACE]   [OmnipathR] JSON validation successful: TRUE
[2025-03-24 19:04:17] [INFO]    [OmnipathR] Cache item `7332486db7400730697234bad76ca0c8e4d00799` version 1: status changed from `unknown` to `ready`.
[2025-03-24 19:04:17] [TRACE]   [OmnipathR] Looking up in cache: `https://omabrowser.org/All/oma-species.txt`.
[2025-03-24 19:04:17] [INFO]    [OmnipathR] Cache record does not exist: `https://omabrowser.org/All/oma-species.txt`
[2025-03-24 19:04:17] [TRACE]   [OmnipathR] Could not find in cache, initiating download: `https://omabrowser.org/All/oma-species.txt`.
[2025-03-24 19:04:17] [TRACE]   [OmnipathR] Reading JSON from `/Users/hungm/Library/Caches/OmnipathR/cache.json` (encoding: UTF-8).
[2025-03-24 19:04:17] [TRACE]   [OmnipathR] JSON validation successful: TRUE
[2025-03-24 19:04:17] [TRACE]   [OmnipathR] Reading JSON from `/Users/hungm/Library/Caches/OmnipathR/cache.json` (encoding: UTF-8).
[2025-03-24 19:04:17] [TRACE]   [OmnipathR] JSON validation successful: TRUE
[2025-03-24 19:04:17] [INFO]    [OmnipathR] Cache item `30e690cbb55dfc63b5903ab337f34ffc2f4be397` version 1: status changed from `unknown` to `started`.
[2025-03-24 19:04:17] [TRACE]   [OmnipathR] Exporting object to RDS: `/Users/hungm/Library/Caches/OmnipathR/30e690cbb55dfc63b5903ab337f34ffc2f4be397-1.rds`.
[2025-03-24 19:04:17] [INFO]    [OmnipathR] Retrieving URL: `https://omabrowser.org/All/oma-species.txt`
[2025-03-24 19:04:17] [TRACE]   [OmnipathR] Attempt 1/3: `https://omabrowser.org/All/oma-species.txt`
[2025-03-24 19:04:18] [TRACE]   [OmnipathR] Exported RDS to `/Users/hungm/Library/Caches/OmnipathR/30e690cbb55dfc63b5903ab337f34ffc2f4be397-1.rds`.
[2025-03-24 19:04:18] [INFO]    [OmnipathR] Download ready [key=30e690cbb55dfc63b5903ab337f34ffc2f4be397, version=1]
[2025-03-24 19:04:18] [TRACE]   [OmnipathR] Reading JSON from `/Users/hungm/Library/Caches/OmnipathR/cache.json` (encoding: UTF-8).
[2025-03-24 19:04:18] [TRACE]   [OmnipathR] JSON validation successful: TRUE
[2025-03-24 19:04:18] [INFO]    [OmnipathR] Cache item `30e690cbb55dfc63b5903ab337f34ffc2f4be397` version 1: status changed from `started` to `ready`.
[2025-03-24 19:04:18] [INFO]    [OmnipathR] Loaded database `Ensembl and OMA organism names`.
[2025-03-24 19:04:18] [TRACE]   [OmnipathR] Looking up in cache: `https://omnipathdb.org/intercell?license=academic`
[2025-03-24 19:04:18] [INFO]    [OmnipathR] Cache record does not exist: `https://omnipathdb.org/intercell?license=academic`
[2025-03-24 19:04:18] [TRACE]   [OmnipathR] Looking up in cache: `http://no-tls.omnipathdb.org/intercell?license=academic`
[2025-03-24 19:04:18] [INFO]    [OmnipathR] Cache record does not exist: `http://no-tls.omnipathdb.org/intercell?license=academic`
[2025-03-24 19:04:18] [TRACE]   [OmnipathR] Attempting `https://omnipathdb.org/intercell?license=academic`
[2025-03-24 19:04:18] [INFO]    [OmnipathR] Retrieving URL: `https://omnipathdb.org/intercell?license=academic`
[2025-03-24 19:04:18] [TRACE]   [OmnipathR] Attempt 1/3: `https://omnipathdb.org/intercell?license=academic`
[2025-03-24 19:04:19] [INFO]    [OmnipathR] Successfully retrieved: `https://omnipathdb.org/intercell?license=academic`
[2025-03-24 19:04:19] [TRACE]   [OmnipathR] Reading JSON from `/Users/hungm/Library/Caches/OmnipathR/cache.json` (encoding: UTF-8).
[2025-03-24 19:04:19] [TRACE]   [OmnipathR] JSON validation successful: TRUE
[2025-03-24 19:04:19] [TRACE]   [OmnipathR] Reading JSON from `/Users/hungm/Library/Caches/OmnipathR/cache.json` (encoding: UTF-8).
[2025-03-24 19:04:19] [TRACE]   [OmnipathR] JSON validation successful: TRUE
[2025-03-24 19:04:19] [INFO]    [OmnipathR] Cache item `88868f24833199a6a4a8e27980fa32cd50c1c600` version 1: status changed from `unknown` to `started`.
[2025-03-24 19:04:19] [TRACE]   [OmnipathR] Exporting object to RDS: `/Users/hungm/Library/Caches/OmnipathR/88868f24833199a6a4a8e27980fa32cd50c1c600-1.rds`.
[2025-03-24 19:04:20] [TRACE]   [OmnipathR] Exported RDS to `/Users/hungm/Library/Caches/OmnipathR/88868f24833199a6a4a8e27980fa32cd50c1c600-1.rds`.
[2025-03-24 19:04:20] [INFO]    [OmnipathR] Download ready [key=88868f24833199a6a4a8e27980fa32cd50c1c600, version=1]
[2025-03-24 19:04:20] [TRACE]   [OmnipathR] Reading JSON from `/Users/hungm/Library/Caches/OmnipathR/cache.json` (encoding: UTF-8).
[2025-03-24 19:04:20] [TRACE]   [OmnipathR] JSON validation successful: TRUE
[2025-03-24 19:04:20] [INFO]    [OmnipathR] Cache item `88868f24833199a6a4a8e27980fa32cd50c1c600` version 1: status changed from `started` to `ready`.
[2025-03-24 19:04:20] [SUCCESS] [OmnipathR] Downloaded 332447 intercellular communication role records.
