[2025-03-28 13:35:17] [INFO]    [OmnipathR] Welcome to OmnipathR!
[2025-03-28 13:35:17] [TRACE]   [OmnipathR] Reading JSON from `/Users/hungm/Library/Caches/OmnipathR/cache.json` (encoding: UTF-8).
[2025-03-28 13:35:17] [TRACE]   [OmnipathR] JSON validation successful: TRUE
[2025-03-28 13:35:17] [INFO]    [OmnipathR] Initialized cache: `/Users/hungm/Library/Caches/OmnipathR`.
[2025-03-28 13:35:17] [TRACE]   [OmnipathR] Reading JSON from `/Library/Frameworks/R.framework/Versions/4.4-arm64/Resources/library/OmnipathR/db/db_def.json` (encoding: UTF-8).
[2025-03-28 13:35:17] [TRACE]   [OmnipathR] JSON validation successful: TRUE
[2025-03-28 13:35:17] [TRACE]   [OmnipathR] Reading JSON from `/Library/Frameworks/R.framework/Versions/4.4-arm64/Resources/library/OmnipathR/internal/magic_bytes.json` (encoding: UTF-8).
[2025-03-28 13:35:17] [TRACE]   [OmnipathR] JSON validation successful: TRUE
[2025-03-28 13:35:17] [TRACE]   [OmnipathR] Reading JSON from `/Library/Frameworks/R.framework/Versions/4.4-arm64/Resources/library/OmnipathR/internal/urls.json` (encoding: UTF-8).
[2025-03-28 13:35:17] [TRACE]   [OmnipathR] JSON validation successful: TRUE
[2025-03-28 13:35:17] [TRACE]   [OmnipathR] Reading JSON from `/Library/Frameworks/R.framework/Versions/4.4-arm64/Resources/library/OmnipathR/internal/id_types.json` (encoding: UTF-8).
[2025-03-28 13:35:17] [TRACE]   [OmnipathR] JSON validation successful: TRUE
[2025-03-28 13:36:30] [INFO]    [OmnipathR] Loading database `Ensembl and OMA organism names`.
[2025-03-28 13:36:30] [INFO]    [OmnipathR] Looking up in cache `https://www.ensembl.org/info/about/species.html`: key=7332486db7400730697234bad76ca0c8e4d00799, latest version=1.
[2025-03-28 13:36:30] [TRACE]   [OmnipathR] Cache file path: /Users/hungm/Library/Caches/OmnipathR/7332486db7400730697234bad76ca0c8e4d00799-1.html
[2025-03-28 13:36:30] [TRACE]   [OmnipathR] Looking up in cache: `https://omabrowser.org/All/oma-species.txt`.
[2025-03-28 13:36:30] [TRACE]   [OmnipathR] Loaded data from RDS `/Users/hungm/Library/Caches/OmnipathR/30e690cbb55dfc63b5903ab337f34ffc2f4be397-1.rds`.
[2025-03-28 13:36:30] [INFO]    [OmnipathR] Loaded database `Ensembl and OMA organism names`.
[2025-03-28 13:36:30] [TRACE]   [OmnipathR] Looking up in cache: `https://omnipathdb.org/intercell?license=academic`
[2025-03-28 13:36:31] [TRACE]   [OmnipathR] Loaded data from RDS `/Users/hungm/Library/Caches/OmnipathR/88868f24833199a6a4a8e27980fa32cd50c1c600-1.rds`.
[2025-03-28 13:36:31] [INFO]    [OmnipathR] Loaded from cache: `https://omnipathdb.org/intercell?license=academic`
[2025-03-28 13:36:31] [SUCCESS] [OmnipathR] Loaded 332447 intercellular communication role records from cache.
[2025-03-28 13:37:09] [TRACE]   [OmnipathR] Looking up in cache: `https://omnipathdb.org/interactions?genesymbols=yes&datasets=dorothea,tf_target,collectri&organisms=9606&dorothea_levels=A,B&fields=sources,references,curation_effort,dorothea_level&license=academic`
[2025-03-28 13:37:09] [INFO]    [OmnipathR] Cache record does not exist: `https://omnipathdb.org/interactions?genesymbols=yes&datasets=dorothea,tf_target,collectri&organisms=9606&dorothea_levels=A,B&fields=sources,references,curation_effort,dorothea_level&license=academic`
[2025-03-28 13:37:09] [TRACE]   [OmnipathR] Looking up in cache: `http://no-tls.omnipathdb.org/interactions?genesymbols=yes&datasets=dorothea,tf_target,collectri&organisms=9606&dorothea_levels=A,B&fields=sources,references,curation_effort,dorothea_level&license=academic`
[2025-03-28 13:37:09] [INFO]    [OmnipathR] Cache record does not exist: `http://no-tls.omnipathdb.org/interactions?genesymbols=yes&datasets=dorothea,tf_target,collectri&organisms=9606&dorothea_levels=A,B&fields=sources,references,curation_effort,dorothea_level&license=academic`
[2025-03-28 13:37:09] [TRACE]   [OmnipathR] Attempting `https://omnipathdb.org/interactions?genesymbols=yes&datasets=dorothea,tf_target,collectri&organisms=9606&dorothea_levels=A,B&fields=sources,references,curation_effort,dorothea_level&license=academic`
[2025-03-28 13:37:09] [INFO]    [OmnipathR] Retrieving URL: `https://omnipathdb.org/interactions?genesymbols=yes&datasets=dorothea,tf_target,collectri&organisms=9606&dorothea_levels=A,B&fields=sources,references,curation_effort,dorothea_level&license=academic`
[2025-03-28 13:37:09] [TRACE]   [OmnipathR] Attempt 1/3: `https://omnipathdb.org/interactions?genesymbols=yes&datasets=dorothea,tf_target,collectri&organisms=9606&dorothea_levels=A,B&fields=sources,references,curation_effort,dorothea_level&license=academic`
[2025-03-28 13:37:13] [INFO]    [OmnipathR] Successfully retrieved: `https://omnipathdb.org/interactions?genesymbols=yes&datasets=dorothea,tf_target,collectri&organisms=9606&dorothea_levels=A,B&fields=sources,references,curation_effort,dorothea_level&license=academic`
[2025-03-28 13:37:13] [TRACE]   [OmnipathR] Reading JSON from `/Users/hungm/Library/Caches/OmnipathR/cache.json` (encoding: UTF-8).
[2025-03-28 13:37:13] [TRACE]   [OmnipathR] JSON validation successful: TRUE
[2025-03-28 13:37:13] [TRACE]   [OmnipathR] Reading JSON from `/Users/hungm/Library/Caches/OmnipathR/cache.json` (encoding: UTF-8).
[2025-03-28 13:37:13] [TRACE]   [OmnipathR] JSON validation successful: TRUE
[2025-03-28 13:37:13] [INFO]    [OmnipathR] Cache item `8e1fed15bbe7704374f40d278e719e18b4a9d60f` version 1: status changed from `unknown` to `started`.
[2025-03-28 13:37:13] [TRACE]   [OmnipathR] Exporting object to RDS: `/Users/hungm/Library/Caches/OmnipathR/8e1fed15bbe7704374f40d278e719e18b4a9d60f-1.rds`.
[2025-03-28 13:37:14] [TRACE]   [OmnipathR] Exported RDS to `/Users/hungm/Library/Caches/OmnipathR/8e1fed15bbe7704374f40d278e719e18b4a9d60f-1.rds`.
[2025-03-28 13:37:14] [INFO]    [OmnipathR] Download ready [key=8e1fed15bbe7704374f40d278e719e18b4a9d60f, version=1]
[2025-03-28 13:37:14] [TRACE]   [OmnipathR] Reading JSON from `/Users/hungm/Library/Caches/OmnipathR/cache.json` (encoding: UTF-8).
[2025-03-28 13:37:14] [TRACE]   [OmnipathR] JSON validation successful: TRUE
[2025-03-28 13:37:14] [INFO]    [OmnipathR] Cache item `8e1fed15bbe7704374f40d278e719e18b4a9d60f` version 1: status changed from `started` to `ready`.
[2025-03-28 13:37:15] [SUCCESS] [OmnipathR] Downloaded 128218 interactions.
[2025-03-28 13:37:47] [TRACE]   [OmnipathR] Looking up in cache: `https://omnipathdb.org/intercell?license=academic`
[2025-03-28 13:37:48] [TRACE]   [OmnipathR] Loaded data from RDS `/Users/hungm/Library/Caches/OmnipathR/88868f24833199a6a4a8e27980fa32cd50c1c600-1.rds`.
[2025-03-28 13:37:48] [INFO]    [OmnipathR] Loaded from cache: `https://omnipathdb.org/intercell?license=academic`
[2025-03-28 13:37:48] [SUCCESS] [OmnipathR] Loaded 332447 intercellular communication role records from cache.
[2025-03-28 13:37:49] [TRACE]   [OmnipathR] Looking up in cache: `https://omnipathdb.org/interactions?genesymbols=yes&datasets=dorothea,tf_target,collectri&organisms=9606&dorothea_levels=A,B&fields=sources,references,curation_effort,dorothea_level&license=academic`
[2025-03-28 13:37:50] [TRACE]   [OmnipathR] Loaded data from RDS `/Users/hungm/Library/Caches/OmnipathR/8e1fed15bbe7704374f40d278e719e18b4a9d60f-1.rds`.
[2025-03-28 13:37:50] [INFO]    [OmnipathR] Loaded from cache: `https://omnipathdb.org/interactions?genesymbols=yes&datasets=dorothea,tf_target,collectri&organisms=9606&dorothea_levels=A,B&fields=sources,references,curation_effort,dorothea_level&license=academic`
[2025-03-28 13:37:51] [SUCCESS] [OmnipathR] Loaded 128218 interactions from cache.
[2025-03-28 13:39:12] [TRACE]   [OmnipathR] Looking up in cache: `https://omnipathdb.org/intercell?license=academic`
[2025-03-28 13:39:12] [TRACE]   [OmnipathR] Loaded data from RDS `/Users/hungm/Library/Caches/OmnipathR/88868f24833199a6a4a8e27980fa32cd50c1c600-1.rds`.
[2025-03-28 13:39:12] [INFO]    [OmnipathR] Loaded from cache: `https://omnipathdb.org/intercell?license=academic`
[2025-03-28 13:39:12] [SUCCESS] [OmnipathR] Loaded 332447 intercellular communication role records from cache.
[2025-03-28 13:39:18] [TRACE]   [OmnipathR] Looking up in cache: `https://omnipathdb.org/interactions?genesymbols=yes&datasets=dorothea,tf_target,collectri&organisms=9606&dorothea_levels=A,B&fields=sources,references,curation_effort,dorothea_level&license=academic`
[2025-03-28 13:39:18] [TRACE]   [OmnipathR] Loaded data from RDS `/Users/hungm/Library/Caches/OmnipathR/8e1fed15bbe7704374f40d278e719e18b4a9d60f-1.rds`.
[2025-03-28 13:39:18] [INFO]    [OmnipathR] Loaded from cache: `https://omnipathdb.org/interactions?genesymbols=yes&datasets=dorothea,tf_target,collectri&organisms=9606&dorothea_levels=A,B&fields=sources,references,curation_effort,dorothea_level&license=academic`
[2025-03-28 13:39:20] [SUCCESS] [OmnipathR] Loaded 128218 interactions from cache.
[2025-03-28 13:48:51] [TRACE]   [OmnipathR] Looking up in cache: `https://omnipathdb.org/interactions?genesymbols=yes&datasets=dorothea,tf_target,collectri&organisms=9606&dorothea_levels=A,B&fields=sources,references,curation_effort,dorothea_level&license=academic`
[2025-03-28 13:48:51] [TRACE]   [OmnipathR] Loaded data from RDS `/Users/hungm/Library/Caches/OmnipathR/8e1fed15bbe7704374f40d278e719e18b4a9d60f-1.rds`.
[2025-03-28 13:48:51] [INFO]    [OmnipathR] Loaded from cache: `https://omnipathdb.org/interactions?genesymbols=yes&datasets=dorothea,tf_target,collectri&organisms=9606&dorothea_levels=A,B&fields=sources,references,curation_effort,dorothea_level&license=academic`
[2025-03-28 13:48:53] [SUCCESS] [OmnipathR] Loaded 128218 interactions from cache.
[2025-03-28 13:59:51] [TRACE]   [OmnipathR] Looking up in cache: `https://omnipathdb.org/intercell?license=academic`
[2025-03-28 13:59:52] [TRACE]   [OmnipathR] Loaded data from RDS `/Users/hungm/Library/Caches/OmnipathR/88868f24833199a6a4a8e27980fa32cd50c1c600-1.rds`.
[2025-03-28 13:59:52] [INFO]    [OmnipathR] Loaded from cache: `https://omnipathdb.org/intercell?license=academic`
[2025-03-28 13:59:52] [SUCCESS] [OmnipathR] Loaded 332447 intercellular communication role records from cache.
[2025-03-28 13:59:53] [TRACE]   [OmnipathR] Looking up in cache: `https://omnipathdb.org/intercell?license=academic`
[2025-03-28 13:59:54] [TRACE]   [OmnipathR] Loaded data from RDS `/Users/hungm/Library/Caches/OmnipathR/88868f24833199a6a4a8e27980fa32cd50c1c600-1.rds`.
[2025-03-28 13:59:54] [INFO]    [OmnipathR] Loaded from cache: `https://omnipathdb.org/intercell?license=academic`
[2025-03-28 13:59:54] [SUCCESS] [OmnipathR] Loaded 332447 intercellular communication role records from cache.
[2025-03-28 14:00:47] [TRACE]   [OmnipathR] Looking up in cache: `https://omnipathdb.org/intercell?license=academic`
[2025-03-28 14:00:48] [TRACE]   [OmnipathR] Loaded data from RDS `/Users/hungm/Library/Caches/OmnipathR/88868f24833199a6a4a8e27980fa32cd50c1c600-1.rds`.
[2025-03-28 14:00:48] [INFO]    [OmnipathR] Loaded from cache: `https://omnipathdb.org/intercell?license=academic`
[2025-03-28 14:00:48] [SUCCESS] [OmnipathR] Loaded 332447 intercellular communication role records from cache.
[2025-03-28 14:00:49] [TRACE]   [OmnipathR] Looking up in cache: `https://omnipathdb.org/intercell?license=academic`
[2025-03-28 14:00:50] [TRACE]   [OmnipathR] Loaded data from RDS `/Users/hungm/Library/Caches/OmnipathR/88868f24833199a6a4a8e27980fa32cd50c1c600-1.rds`.
[2025-03-28 14:00:50] [INFO]    [OmnipathR] Loaded from cache: `https://omnipathdb.org/intercell?license=academic`
[2025-03-28 14:00:50] [SUCCESS] [OmnipathR] Loaded 332447 intercellular communication role records from cache.
[2025-03-28 14:01:28] [TRACE]   [OmnipathR] Looking up in cache: `https://omnipathdb.org/intercell?license=academic`
[2025-03-28 14:01:28] [TRACE]   [OmnipathR] Loaded data from RDS `/Users/hungm/Library/Caches/OmnipathR/88868f24833199a6a4a8e27980fa32cd50c1c600-1.rds`.
[2025-03-28 14:01:28] [INFO]    [OmnipathR] Loaded from cache: `https://omnipathdb.org/intercell?license=academic`
[2025-03-28 14:01:29] [SUCCESS] [OmnipathR] Loaded 332447 intercellular communication role records from cache.
[2025-03-28 14:01:30] [TRACE]   [OmnipathR] Looking up in cache: `https://omnipathdb.org/intercell?license=academic`
[2025-03-28 14:01:30] [TRACE]   [OmnipathR] Loaded data from RDS `/Users/hungm/Library/Caches/OmnipathR/88868f24833199a6a4a8e27980fa32cd50c1c600-1.rds`.
[2025-03-28 14:01:30] [INFO]    [OmnipathR] Loaded from cache: `https://omnipathdb.org/intercell?license=academic`
[2025-03-28 14:01:30] [SUCCESS] [OmnipathR] Loaded 332447 intercellular communication role records from cache.
