[2025-03-28 13:24:42] [INFO]    [OmnipathR] Welcome to OmnipathR!
[2025-03-28 13:24:42] [TRACE]   [OmnipathR] Reading JSON from `/Users/hungm/Library/Caches/OmnipathR/cache.json` (encoding: UTF-8).
[2025-03-28 13:24:42] [TRACE]   [OmnipathR] JSON validation successful: TRUE
[2025-03-28 13:24:42] [INFO]    [OmnipathR] Initialized cache: `/Users/hungm/Library/Caches/OmnipathR`.
[2025-03-28 13:24:42] [TRACE]   [OmnipathR] Reading JSON from `/Library/Frameworks/R.framework/Versions/4.4-arm64/Resources/library/OmnipathR/db/db_def.json` (encoding: UTF-8).
[2025-03-28 13:24:42] [TRACE]   [OmnipathR] JSON validation successful: TRUE
[2025-03-28 13:24:42] [TRACE]   [OmnipathR] Reading JSON from `/Library/Frameworks/R.framework/Versions/4.4-arm64/Resources/library/OmnipathR/internal/magic_bytes.json` (encoding: UTF-8).
[2025-03-28 13:24:42] [TRACE]   [OmnipathR] JSON validation successful: TRUE
[2025-03-28 13:24:42] [TRACE]   [OmnipathR] Reading JSON from `/Library/Frameworks/R.framework/Versions/4.4-arm64/Resources/library/OmnipathR/internal/urls.json` (encoding: UTF-8).
[2025-03-28 13:24:42] [TRACE]   [OmnipathR] JSON validation successful: TRUE
[2025-03-28 13:24:42] [TRACE]   [OmnipathR] Reading JSON from `/Library/Frameworks/R.framework/Versions/4.4-arm64/Resources/library/OmnipathR/internal/id_types.json` (encoding: UTF-8).
[2025-03-28 13:24:42] [TRACE]   [OmnipathR] JSON validation successful: TRUE
[2025-03-28 13:24:48] [INFO]    [OmnipathR] Loading database `Ensembl and OMA organism names`.
[2025-03-28 13:24:48] [INFO]    [OmnipathR] Looking up in cache `https://www.ensembl.org/info/about/species.html`: key=7332486db7400730697234bad76ca0c8e4d00799, latest version=1.
[2025-03-28 13:24:48] [TRACE]   [OmnipathR] Cache file path: /Users/hungm/Library/Caches/OmnipathR/7332486db7400730697234bad76ca0c8e4d00799-1.html
[2025-03-28 13:24:48] [TRACE]   [OmnipathR] Looking up in cache: `https://omabrowser.org/All/oma-species.txt`.
[2025-03-28 13:24:48] [TRACE]   [OmnipathR] Loaded data from RDS `/Users/hungm/Library/Caches/OmnipathR/30e690cbb55dfc63b5903ab337f34ffc2f4be397-1.rds`.
[2025-03-28 13:24:48] [INFO]    [OmnipathR] Loaded database `Ensembl and OMA organism names`.
[2025-03-28 13:24:48] [TRACE]   [OmnipathR] Looking up in cache: `https://omnipathdb.org/intercell?license=academic`
[2025-03-28 13:24:48] [TRACE]   [OmnipathR] Loaded data from RDS `/Users/hungm/Library/Caches/OmnipathR/88868f24833199a6a4a8e27980fa32cd50c1c600-1.rds`.
[2025-03-28 13:24:48] [INFO]    [OmnipathR] Loaded from cache: `https://omnipathdb.org/intercell?license=academic`
[2025-03-28 13:24:49] [SUCCESS] [OmnipathR] Loaded 332447 intercellular communication role records from cache.
